# JRE version: Java(TM) SE Runtime Environment (21.0.1+12) (build 21.0.1+12-LTS-29)
# Java VM: Java HotSpot(TM) 64-Bit Server VM (21.0.1+12-LTS-29, mixed mode, sharing, tiered, compressed oops, compressed class ptrs, g1 gc, windows-amd64)
GC Precious Log:
 CardTable entry size: 512
 Card Set container configuration: InlinePtr #cards 5 size 8 Array Of Cards #cards 12 size 40 Howl #buckets 4 coarsen threshold 1843 Howl Bitmap #cards 512 size 80 coarsen threshold 460 Card regions per heap region 1 cards per card region 2048
 CPUs: 2 total, 2 available
 Memory: 4075M
 Large Page Support: Disabled
 NUMA Support: Disabled
 Compressed Oops: Enabled (32-bit)
 Heap Region Size: 1M
 Heap Min Capacity: 8M
 Heap Initial Capacity: 64M
 Heap Max Capacity: 1020M
 Pre-touch: Disabled
 Parallel Workers: 2
 Concurrent Workers: 1
 Concurrent Refinement Workers: 2
 Periodic GC: Disabled
Heap:
 garbage-first heap   total 55296K, used 28349K [0x00000000c0400000, 0x0000000100000000)
  region size 1024K, 10 young (10240K), 2 survivors (2048K)
 Metaspace       used 37342K, committed 37952K, reserved 1114112K
  class space    used 4866K, committed 5120K, reserved 1048576K
GC Heap History (20 events):
Event: 3.359 GC heap before
{Heap before GC invocations=0 (full 0):
 garbage-first heap   total 65536K, used 6144K [0x00000000c0400000, 0x0000000100000000)
  region size 1024K, 6 young (6144K), 0 survivors (0K)
 Metaspace       used 367K, committed 512K, reserved 1114112K
  class space    used 14K, committed 128K, reserved 1048576K
}
Event: 3.369 GC heap after
{Heap after GC invocations=1 (full 0):
 garbage-first heap   total 65536K, used 5315K [0x00000000c0400000, 0x0000000100000000)
  region size 1024K, 1 young (1024K), 1 survivors (1024K)
 Metaspace       used 367K, committed 512K, reserved 1114112K
  class space    used 14K, committed 128K, reserved 1048576K
}
Event: 10.427 GC heap before
{Heap before GC invocations=1 (full 0):
 garbage-first heap   total 65536K, used 8387K [0x00000000c0400000, 0x0000000100000000)
  region size 1024K, 4 young (4096K), 1 survivors (1024K)
 Metaspace       used 2002K, committed 2176K, reserved 1114112K
  class space    used 163K, committed 256K, reserved 1048576K
}
Event: 10.436 GC heap after
{Heap after GC invocations=2 (full 0):
 garbage-first heap   total 65536K, used 6130K [0x00000000c0400000, 0x0000000100000000)
  region size 1024K, 1 young (1024K), 1 survivors (1024K)
 Metaspace       used 2002K, committed 2176K, reserved 1114112K
  class space    used 163K, committed 256K, reserved 1048576K
}
Event: 20.233 GC heap before
{Heap before GC invocations=2 (full 0):
 garbage-first heap   total 65536K, used 13298K [0x00000000c0400000, 0x0000000100000000)
  region size 1024K, 9 young (9216K), 1 survivors (1024K)
 Metaspace       used 4582K, committed 4800K, reserved 1114112K
  class space    used 507K, committed 640K, reserved 1048576K
}
Event: 20.243 GC heap after
{Heap after GC invocations=3 (full 0):
 garbage-first heap   total 65536K, used 7339K [0x00000000c0400000, 0x0000000100000000)
  region size 1024K, 2 young (2048K), 2 survivors (2048K)
 Metaspace       used 4582K, committed 4800K, reserved 1114112K
  class space    used 507K, committed 640K, reserved 1048576K
}
Event: 25.163 GC heap before
{Heap before GC invocations=3 (full 0):
 garbage-first heap   total 65536K, used 18603K [0x00000000c0400000, 0x0000000100000000)
  region size 1024K, 13 young (13312K), 2 survivors (2048K)
 Metaspace       used 6988K, committed 7168K, reserved 1114112K
  class space    used 816K, committed 896K, reserved 1048576K
}
Event: 25.178 GC heap after
{Heap after GC invocations=4 (full 0):
 garbage-first heap   total 65536K, used 8109K [0x00000000c0400000, 0x0000000100000000)
  region size 1024K, 1 young (1024K), 1 survivors (1024K)
 Metaspace       used 6988K, committed 7168K, reserved 1114112K
  class space    used 816K, committed 896K, reserved 1048576K
}
Event: 39.044 GC heap before
{Heap before GC invocations=4 (full 0):
 garbage-first heap   total 65536K, used 40877K [0x00000000c0400000, 0x0000000100000000)
  region size 1024K, 34 young (34816K), 1 survivors (1024K)
 Metaspace       used 15868K, committed 16192K, reserved 1114112K
  class space    used 1934K, committed 2048K, reserved 1048576K
}
Event: 39.068 GC heap after
{Heap after GC invocations=5 (full 0):
 garbage-first heap   total 65536K, used 10705K [0x00000000c0400000, 0x0000000100000000)
  region size 1024K, 4 young (4096K), 4 survivors (4096K)
 Metaspace       used 15868K, committed 16192K, reserved 1114112K
  class space    used 1934K, committed 2048K, reserved 1048576K
}
Event: 51.880 GC heap before
{Heap before GC invocations=5 (full 0):
 garbage-first heap   total 65536K, used 44497K [0x00000000c0400000, 0x0000000100000000)
  region size 1024K, 38 young (38912K), 4 survivors (4096K)
 Metaspace       used 20100K, committed 20416K, reserved 1114112K
  class space    used 2420K, committed 2560K, reserved 1048576K
}
Event: 51.922 GC heap after
{Heap after GC invocations=6 (full 0):
 garbage-first heap   total 65536K, used 14938K [0x00000000c0400000, 0x0000000100000000)
  region size 1024K, 5 young (5120K), 5 survivors (5120K)
 Metaspace       used 20100K, committed 20416K, reserved 1114112K
  class space    used 2420K, committed 2560K, reserved 1048576K
}
Event: 54.396 GC heap before
{Heap before GC invocations=6 (full 0):
 garbage-first heap   total 65536K, used 21082K [0x00000000c0400000, 0x0000000100000000)
  region size 1024K, 12 young (12288K), 5 survivors (5120K)
 Metaspace       used 21209K, committed 21504K, reserved 1114112K
  class space    used 2566K, committed 2688K, reserved 1048576K
}
Event: 54.419 GC heap after
{Heap after GC invocations=7 (full 0):
 garbage-first heap   total 65536K, used 15579K [0x00000000c0400000, 0x0000000100000000)
  region size 1024K, 1 young (1024K), 1 survivors (1024K)
 Metaspace       used 21209K, committed 21504K, reserved 1114112K
  class space    used 2566K, committed 2688K, reserved 1048576K
}
Event: 66.312 GC heap before
{Heap before GC invocations=8 (full 0):
 garbage-first heap   total 55296K, used 46299K [0x00000000c0400000, 0x0000000100000000)
  region size 1024K, 32 young (32768K), 1 survivors (1024K)
 Metaspace       used 26093K, committed 26560K, reserved 1114112K
  class space    used 3247K, committed 3456K, reserved 1048576K
}
Event: 66.338 GC heap after
{Heap after GC invocations=9 (full 0):
 garbage-first heap   total 55296K, used 18161K [0x00000000c0400000, 0x0000000100000000)
  region size 1024K, 4 young (4096K), 4 survivors (4096K)
 Metaspace       used 26093K, committed 26560K, reserved 1114112K
  class space    used 3247K, committed 3456K, reserved 1048576K
}
Event: 83.804 GC heap before
{Heap before GC invocations=9 (full 0):
 garbage-first heap   total 55296K, used 43761K [0x00000000c0400000, 0x0000000100000000)
  region size 1024K, 30 young (30720K), 4 survivors (4096K)
 Metaspace       used 30596K, committed 31168K, reserved 1114112K
  class space    used 3828K, committed 4096K, reserved 1048576K
}
Event: 83.835 GC heap after
{Heap after GC invocations=10 (full 0):
 garbage-first heap   total 55296K, used 20148K [0x00000000c0400000, 0x0000000100000000)
  region size 1024K, 3 young (3072K), 3 survivors (3072K)
 Metaspace       used 30596K, committed 31168K, reserved 1114112K
  class space    used 3828K, committed 4096K, reserved 1048576K
}
Event: 96.588 GC heap before
{Heap before GC invocations=10 (full 0):
 garbage-first heap   total 55296K, used 41652K [0x00000000c0400000, 0x0000000100000000)
  region size 1024K, 25 young (25600K), 3 survivors (3072K)
 Metaspace       used 35389K, committed 35968K, reserved 1114112K
  class space    used 4514K, committed 4800K, reserved 1048576K
}
Event: 96.609 GC heap after
{Heap after GC invocations=11 (full 0):
 garbage-first heap   total 55296K, used 21181K [0x00000000c0400000, 0x0000000100000000)
  region size 1024K, 2 young (2048K), 2 survivors (2048K)
 Metaspace       used 35389K, committed 35968K, reserved 1114112K
  class space    used 4514K, committed 4800K, reserved 1048576K
}

